TN:
SF:indexTest.js
FN:14,(anonymous_0)
FNF:1
FNH:0
FNDA:0,(anonymous_0)
DA:2,1
DA:3,1
DA:4,1
DA:7,1
DA:9,1
DA:10,1
DA:12,1
DA:14,1
DA:15,0
DA:18,1
LF:10
LH:9
BRF:0
BRH:0
end_of_record
TN:
SF:controllers\applicationController.js
FN:4,(anonymous_0)
FNF:1
FNH:1
FNDA:2,(anonymous_0)
DA:4,1
DA:5,2
DA:7,2
DA:8,2
DA:10,2
DA:11,1
DA:15,1
DA:18,1
DA:23,1
LF:9
LH:9
BRDA:10,0,0,1
BRDA:10,0,1,1
BRF:2
BRH:2
end_of_record
TN:
SF:routes\application.js
FNF:0
FNH:0
DA:1,1
DA:4,1
DA:6,1
DA:8,1
DA:10,1
LF:5
LH:5
BRF:0
BRH:0
end_of_record
